<?xml version="1.0" encoding="UTF-8"?>
<!-- Generated by org.testng.reporters.JUnitXMLReporter -->
<testsuite hostname="NEWTPBS59" ignored="0" name="Test" tests="2" failures="2" timestamp="15 Dec 2017 03:39:10 GMT" time="0.074" errors="0">
  <testcase name="abc" time="0.0" classname="com.hybridframework.App">
    <failure type="org.testng.TestNGException" message="
Cannot inject @Test annotated Method [abc] with [interface org.openqa.selenium.WebDriver].
For more information on native dependency injection please refer to http://testng.org/doc/documentation-main.html#native-dependency-injection">
      <![CDATA[org.testng.TestNGException: Cannot inject @Test annotated Method [abc] with [interface org.openqa.selenium.WebDriver].For more information on native dependency injection please refer to http://testng.org/doc/documentation-main.html#native-dependency-injection... Removed 24 stack frames]]>
    </failure>
  </testcase> <!-- abc -->
  <testcase name="xyz" time="0.0" classname="com.hybridframework.App">
    <failure type="org.testng.TestNGException" message="
Cannot inject @Test annotated Method [xyz] with [interface org.openqa.selenium.WebDriver].
For more information on native dependency injection please refer to http://testng.org/doc/documentation-main.html#native-dependency-injection">
      <![CDATA[org.testng.TestNGException: Cannot inject @Test annotated Method [xyz] with [interface org.openqa.selenium.WebDriver].For more information on native dependency injection please refer to http://testng.org/doc/documentation-main.html#native-dependency-injection... Removed 24 stack frames]]>
    </failure>
  </testcase> <!-- xyz -->
</testsuite> <!-- Test -->
